<?xml version="1.0" encoding="UTF-8" ?>
<testsuites>
  <testsuite errors="0" failures="0" hostname="garygu-Aspire-4830TG" id="0" name="dataParserTest" package="" tests="1" time="0.236" timestamp="2013-12-25T09:01:25">
      <properties>
[...]
</properties>

      <testcase classname="dataParserTest" name="testGetAddr" time="0.174" />

      <system-out />

      <system-err />

  </testsuite>
  <testsuite errors="1" failures="0" hostname="damon-Aspire-5742G" id="1" name="dataParsertest" package="" tests="1" time="0.099" timestamp="2013-12-12T01:28:12">
      <properties>
[...]
</properties>

      <testcase classname="dataParsertest" name="initializationError" time="0.009">
          <error message="Test class should have exactly one public constructor" type="java.lang.Exception">java.lang.Exception: Test class should have exactly one public constructor
	at java.lang.reflect.Constructor.newInstance(Constructor.java:526)
</error>

      </testcase>

      <system-out />

      <system-err />

  </testsuite>
  <testsuite errors="0" failures="0" hostname="garygu-Aspire-4830TG" id="2" name="dataparsertest" package="" tests="1" time="0.338" timestamp="2013-12-12T01:37:41">
      <properties>
[...]
</properties>

      <testcase classname="dataparsertest" name="testGetAddr" time="0.216" />

      <system-out />

      <system-err />

  </testsuite>
</testsuites>
